<?xml version="1.0" encoding="UTF-8"?>
<!-- Generated by org.testng.reporters.JUnitXMLReporter -->
<testsuite ignored="0" hostname="DESKTOP-5MUK57H" failures="1" tests="1" name="Test-chrome" time="0.074" errors="0" timestamp="2024-12-06T16:14:52 IST">
  <testcase classname="runnerscript.Parall_exec" name="pexec" time="0.0">
    <failure type="org.testng.TestNGException" message="
Parameter &amp;apos;browsers&amp;apos; is required by @Test on method pexec but has not been marked @Optional or defined
in C:\Users\NEW\eclipse-workspace\Testng\testng.xml">
      <![CDATA[org.testng.TestNGException: 
Parameter 'browsers' is required by @Test on method pexec but has not been marked @Optional or defined
in C:\Users\NEW\eclipse-workspace\Testng\testng.xml
at java.base/java.util.ArrayList.forEach(ArrayList.java:1596)
at java.base/java.util.concurrent.FutureTask.run(FutureTask.java:317)
at java.base/java.util.concurrent.ThreadPoolExecutor.runWorker(ThreadPoolExecutor.java:1144)
at java.base/java.util.concurrent.ThreadPoolExecutor$Worker.run(ThreadPoolExecutor.java:642)
at java.base/java.lang.Thread.run(Thread.java:1583)
... Removed 17 stack frames]]>
    </failure>
  </testcase> <!-- pexec -->
</testsuite> <!-- Test-chrome -->
